<?xml version="1.0" encoding="UTF-8"?>
<!-- Generated by org.testng.reporters.JUnitReportReporter -->
<testsuite hostname="Praneetha" name="testng.GroupTest" tests="10" failures="0" timestamp="27 Oct 2016 07:41:24 GMT" time="0.018" errors="0">
  <testcase name="bmwx5" time="0.003" classname="testng.GroupTest"/>
  <testcase name="altoK1" time="0.004" classname="testng.GroupTest"/>
  <testcase name="audiQ7" time="0.002" classname="testng.GroupTest"/>
  <testcase name="hondaAccord" time="0.001" classname="testng.GroupTest"/>
  <testcase name="audiA6" time="0.001" classname="testng.GroupTest"/>
  <testcase name="audiA4" time="0.001" classname="testng.GroupTest"/>
  <testcase name="hyundai" time="0.001" classname="testng.GroupTest"/>
  <testcase name="audiA8" time="0.002" classname="testng.GroupTest"/>
  <testcase name="bmwx3" time="0.002" classname="testng.GroupTest"/>
  <testcase name="audiQ5" time="0.001" classname="testng.GroupTest"/>
</testsuite> <!-- testng.GroupTest -->
