<?xml version="1.0" encoding="UTF-8"?>
<!-- Generated by org.testng.reporters.JUnitReportReporter -->
<testsuite hostname="Praneetha" name="testng.ThirdTest" tests="2" failures="0" timestamp="27 Oct 2016 07:41:24 GMT" time="0.005" errors="0">
  <testcase name="thirdTestSecondCase" time="0.003" classname="testng.ThirdTest"/>
  <testcase name="thirdTestFirstCase" time="0.002" classname="testng.ThirdTest"/>
</testsuite> <!-- testng.ThirdTest -->
