<?xml version="1.0" encoding="UTF-8"?>
<!-- Generated by org.testng.reporters.JUnitReportReporter -->
<testsuite hostname="Praneetha" name="testng.ParallelThirdTest" tests="4" failures="0" timestamp="28 Oct 2016 08:29:43 GMT" time="0.014" errors="0">
  <testcase name="C3M4" time="0.003" classname="testng.ParallelThirdTest"/>
  <testcase name="C3M2" time="0.004" classname="testng.ParallelThirdTest"/>
  <testcase name="C3M3" time="0.005" classname="testng.ParallelThirdTest"/>
  <testcase name="C3M1" time="0.002" classname="testng.ParallelThirdTest"/>
</testsuite> <!-- testng.ParallelThirdTest -->
