<?xml version="1.0" encoding="UTF-8"?>
<!-- Generated by org.testng.reporters.JUnitReportReporter -->
<testsuite hostname="Praneetha" name="testng.ParallelSecondTest" tests="4" failures="0" timestamp="28 Oct 2016 08:29:43 GMT" time="0.013" errors="0">
  <testcase name="C2M4" time="0.002" classname="testng.ParallelSecondTest"/>
  <testcase name="C2M1" time="0.002" classname="testng.ParallelSecondTest"/>
  <testcase name="C2M2" time="0.002" classname="testng.ParallelSecondTest"/>
  <testcase name="C2M3" time="0.007" classname="testng.ParallelSecondTest"/>
</testsuite> <!-- testng.ParallelSecondTest -->
