<?xml version="1.0" encoding="UTF-8"?>
<!-- Generated by org.testng.reporters.JUnitReportReporter -->
<testsuite hostname="Praneetha" name="testng.FirstTest" tests="2" failures="0" timestamp="27 Oct 2016 07:41:24 GMT" time="0.005" errors="0">
  <testcase name="secondCase" time="0.001" classname="testng.FirstTest"/>
  <testcase name="firstCase" time="0.004" classname="testng.FirstTest"/>
</testsuite> <!-- testng.FirstTest -->
