<?xml version="1.0" encoding="UTF-8"?>
<!-- Generated by org.testng.reporters.JUnitReportReporter -->
<testsuite hostname="Praneetha" name="testng.CrossBrowserTest" tests="2" failures="0" timestamp="1 Nov 2016 01:20:21 GMT" time="0.053" errors="0">
  <testcase name="verifyTitle" time="0.025" classname="testng.CrossBrowserTest"/>
  <testcase name="verifyTitle" time="0.028" classname="testng.CrossBrowserTest"/>
</testsuite> <!-- testng.CrossBrowserTest -->
