<?xml version="1.0" encoding="UTF-8"?>
<!-- Generated by org.testng.reporters.JUnitReportReporter -->
<testsuite hostname="Praneetha" name="testng.PriorityTest" tests="3" failures="0" timestamp="27 Oct 2016 07:41:24 GMT" time="0.003" errors="0">
  <testcase name="f" time="0.001" classname="testng.PriorityTest"/>
  <testcase name="z" time="0.001" classname="testng.PriorityTest"/>
  <testcase name="a" time="0.001" classname="testng.PriorityTest"/>
</testsuite> <!-- testng.PriorityTest -->
