<?xml version="1.0" encoding="UTF-8"?>
<!-- Generated by org.testng.reporters.JUnitReportReporter -->
<testsuite hostname="Praneetha" name="testng.TestNGParameters" tests="2" failures="0" timestamp="1 Nov 2016 00:32:42 GMT" time="0.010" errors="0">
  <testcase name="insertEmployee" time="0.002" classname="testng.TestNGParameters"/>
  <testcase name="insertEmployee" time="0.008" classname="testng.TestNGParameters"/>
</testsuite> <!-- testng.TestNGParameters -->
