<?xml version="1.0" encoding="UTF-8"?>
<!-- Generated by org.testng.reporters.JUnitReportReporter -->
<testsuite hostname="Praneetha" name="testng.SecondTest" tests="1" failures="0" timestamp="27 Oct 2016 07:41:24 GMT" time="0.002" errors="0">
  <testcase name="secondTestFirstCase" time="0.002" classname="testng.SecondTest"/>
</testsuite> <!-- testng.SecondTest -->
