<?xml version="1.0" encoding="UTF-8"?>
<!-- Generated by org.testng.reporters.JUnitReportReporter -->
<testsuite hostname="Praneetha" name="testng.DataProviderParametersTest" tests="14" failures="0" timestamp="28 Oct 2016 00:46:27 GMT" time="0.038" errors="0">
  <testcase name="excelEmployee" time="0.006" classname="testng.DataProviderParametersTest"/>
  <testcase name="insertEmployee" time="0.001" classname="testng.DataProviderParametersTest"/>
  <testcase name="excelEmployee" time="0.007" classname="testng.DataProviderParametersTest"/>
  <testcase name="insertEmployee" time="0.002" classname="testng.DataProviderParametersTest"/>
  <testcase name="updateEmployee" time="0.001" classname="testng.DataProviderParametersTest"/>
  <testcase name="updateEmployee" time="0.001" classname="testng.DataProviderParametersTest"/>
  <testcase name="excelEmployee" time="0.007" classname="testng.DataProviderParametersTest"/>
  <testcase name="excelEmployee" time="0.002" classname="testng.DataProviderParametersTest"/>
  <testcase name="updateEmployee" time="0.001" classname="testng.DataProviderParametersTest"/>
  <testcase name="excelEmployee" time="0.002" classname="testng.DataProviderParametersTest"/>
  <testcase name="insertEmployee" time="0.001" classname="testng.DataProviderParametersTest"/>
  <testcase name="excelEmployee" time="0.003" classname="testng.DataProviderParametersTest"/>
  <testcase name="updateEmployee" time="0.004" classname="testng.DataProviderParametersTest"/>
  <testcase name="insertEmployee" time="0.000" classname="testng.DataProviderParametersTest"/>
</testsuite> <!-- testng.DataProviderParametersTest -->
