<?xml version="1.0" encoding="UTF-8"?>
<!-- Generated by org.testng.reporters.JUnitReportReporter -->
<testsuite hostname="Praneetha" name="com.nlsinc.facebook.ProfileTest" tests="1" failures="0" timestamp="5 Nov 2016 04:01:40 GMT" time="10.772" errors="0">
  <testcase name="testProfile" time="10.772" classname="com.nlsinc.facebook.ProfileTest"/>
</testsuite> <!-- com.nlsinc.facebook.ProfileTest -->
